This is pdfTeX, Version 3.14159265-2.6-1.40.18 (MiKTeX 2.9.6350 64-bit) (preloaded format=pdflatex 2017.9.29)  29 SEP 2017 04:10
entering extended mode
**C:/Github/opnrprt/opening-report-of-graduate-paper/MasterTemplate.tex
(C:/Github/opnrprt/opening-report-of-graduate-paper/MasterTemplate.tex
LaTeX2e <2017-04-15>
Babel <3.10> and hyphenation patterns for 75 language(s) loaded.
(WHUMaster.cls
Document Class: WHUMaster 2016/04/15 4.1 Wuhan University Thesis Template for M
aster Candidate
(C:\Users\woshi\AppData\Roaming\MiKTeX\2.9\tex\latex\ctex\ctexbook.cls
(C:\Users\woshi\AppData\Roaming\MiKTeX\2.9\tex\latex\l3kernel\expl3.sty
Package: expl3 2017/09/18 L3 programming layer (loader) 

(C:\Users\woshi\AppData\Roaming\MiKTeX\2.9\tex\latex\l3kernel\expl3-code.tex
Package: expl3 2017/09/18 L3 programming layer (code)
\c_max_int=\count79
\l_tmpa_int=\count80
\l_tmpb_int=\count81
\g_tmpa_int=\count82
\g_tmpb_int=\count83
\g__intarray_font_int=\count84
\g__prg_map_int=\count85
\c_log_iow=\count86
\l_iow_line_count_int=\count87
\l__iow_line_target_int=\count88
\l__iow_one_indent_int=\count89
\l__iow_indent_int=\count90
\c_zero_dim=\dimen102
\c_max_dim=\dimen103
\l_tmpa_dim=\dimen104
\l_tmpb_dim=\dimen105
\g_tmpa_dim=\dimen106
\g_tmpb_dim=\dimen107
\c_zero_skip=\skip41
\c_max_skip=\skip42
\l_tmpa_skip=\skip43
\l_tmpb_skip=\skip44
\g_tmpa_skip=\skip45
\g_tmpb_skip=\skip46
\c_zero_muskip=\muskip10
\c_max_muskip=\muskip11
\l_tmpa_muskip=\muskip12
\l_tmpb_muskip=\muskip13
\g_tmpa_muskip=\muskip14
\g_tmpb_muskip=\muskip15
\l_keys_choice_int=\count91
\c__fp_leading_shift_int=\count92
\c__fp_middle_shift_int=\count93
\c__fp_trailing_shift_int=\count94
\c__fp_big_leading_shift_int=\count95
\c__fp_big_middle_shift_int=\count96
\c__fp_big_trailing_shift_int=\count97
\c__fp_Bigg_leading_shift_int=\count98
\c__fp_Bigg_middle_shift_int=\count99
\c__fp_Bigg_trailing_shift_int=\count100
\c__fp_rand_size_int=\count101
\c__fp_rand_four_int=\count102
\c__fp_rand_eight_int=\count103
\l__sort_length_int=\count104
\l__sort_min_int=\count105
\l__sort_top_int=\count106
\l__sort_max_int=\count107
\l__sort_true_max_int=\count108
\l__sort_block_int=\count109
\l__sort_begin_int=\count110
\l__sort_end_int=\count111
\l__sort_A_int=\count112
\l__sort_B_int=\count113
\l__sort_C_int=\count114
\l__tl_build_start_index_int=\count115
\l__tl_build_index_int=\count116
\l__tl_analysis_normal_int=\count117
\l__tl_analysis_index_int=\count118
\l__tl_analysis_nesting_int=\count119
\l__tl_analysis_type_int=\count120
\l__regex_internal_a_int=\count121
\l__regex_internal_b_int=\count122
\l__regex_internal_c_int=\count123
\l__regex_balance_int=\count124
\l__regex_group_level_int=\count125
\l__regex_mode_int=\count126
\c__regex_cs_in_class_mode_int=\count127
\c__regex_cs_mode_int=\count128
\l__regex_catcodes_int=\count129
\l__regex_default_catcodes_int=\count130
\c__regex_catcode_D_int=\count131
\c__regex_catcode_S_int=\count132
\c__regex_catcode_L_int=\count133
\c__regex_catcode_O_int=\count134
\c__regex_catcode_A_int=\count135
\c__regex_all_catcodes_int=\count136
\l__regex_show_lines_int=\count137
\l__regex_min_state_int=\count138
\l__regex_max_state_int=\count139
\l__regex_left_state_int=\count140
\l__regex_right_state_int=\count141
\l__regex_capturing_group_int=\count142
\l__regex_min_pos_int=\count143
\l__regex_max_pos_int=\count144
\l__regex_curr_pos_int=\count145
\l__regex_start_pos_int=\count146
\l__regex_success_pos_int=\count147
\l__regex_curr_char_int=\count148
\l__regex_curr_catcode_int=\count149
\l__regex_last_char_int=\count150
\l__regex_case_changed_char_int=\count151
\l__regex_curr_state_int=\count152
\l__regex_step_int=\count153
\l__regex_min_active_int=\count154
\l__regex_max_active_int=\count155
\l__regex_replacement_csnames_int=\count156
\l__regex_match_count_int=\count157
\l__regex_min_submatch_int=\count158
\l__regex_submatch_int=\count159
\l__regex_zeroth_submatch_int=\count160
\g__debug_trace_regex_int=\count161
\c_empty_box=\box26
\l_tmpa_box=\box27
\l_tmpb_box=\box28
\g_tmpa_box=\box29
\g_tmpb_box=\box30
\l__box_top_dim=\dimen108
\l__box_bottom_dim=\dimen109
\l__box_left_dim=\dimen110
\l__box_right_dim=\dimen111
\l__box_top_new_dim=\dimen112
\l__box_bottom_new_dim=\dimen113
\l__box_left_new_dim=\dimen114
\l__box_right_new_dim=\dimen115
\l__box_internal_box=\box31
\l__coffin_internal_box=\box32
\l__coffin_internal_dim=\dimen116
\l__coffin_offset_x_dim=\dimen117
\l__coffin_offset_y_dim=\dimen118
\l__coffin_x_dim=\dimen119
\l__coffin_y_dim=\dimen120
\l__coffin_x_prime_dim=\dimen121
\l__coffin_y_prime_dim=\dimen122
\c_empty_coffin=\box33
\l__coffin_aligned_coffin=\box34
\l__coffin_aligned_internal_coffin=\box35
\l_tmpa_coffin=\box36
\l_tmpb_coffin=\box37
\l__coffin_display_coffin=\box38
\l__coffin_display_coord_coffin=\box39
\l__coffin_display_pole_coffin=\box40
\l__coffin_display_offset_dim=\dimen123
\l__coffin_display_x_dim=\dimen124
\l__coffin_display_y_dim=\dimen125
\l__coffin_bounding_shift_dim=\dimen126
\l__coffin_left_corner_dim=\dimen127
\l__coffin_right_corner_dim=\dimen128
\l__coffin_bottom_corner_dim=\dimen129
\l__coffin_top_corner_dim=\dimen130
\l__coffin_scaled_total_height_dim=\dimen131
\l__coffin_scaled_width_dim=\dimen132
)
(C:\Users\woshi\AppData\Roaming\MiKTeX\2.9\tex\latex\l3kernel\l3pdfmode.def
File: l3pdfmode.def 2017/03/18 v L3 Experimental driver: PDF mode
\l__driver_color_stack_int=\count162
\l__driver_tmp_box=\box41
))
Document Class: ctexbook 2017/08/07 v2.4.10 Chinese adapter for class book (CTE
X)

(C:\Users\woshi\AppData\Roaming\MiKTeX\2.9\tex\latex\l3packages\xparse\xparse.s
ty
Package: xparse 2017/09/18 L3 Experimental document command parser
\l__xparse_current_arg_int=\count163
\g__xparse_grabber_int=\count164
\l__xparse_m_args_int=\count165
\l__xparse_mandatory_args_int=\count166
\l__xparse_v_nesting_int=\count167
)
(C:\Users\woshi\AppData\Roaming\MiKTeX\2.9\tex\latex\l3packages\l3keys2e\l3keys
2e.sty
Package: l3keys2e 2017/09/18 LaTeX2e option processing using LaTeX3 keys
)
\g__file_internal_ior=\read1
 (C:\Users\woshi\AppData\Roaming\MiKTeX\2.9\tex\latex\ctex\ctexhook.sty
Package: ctexhook 2017/08/07 v2.4.10 Document and package hooks (CTEX)
) (C:\Users\woshi\AppData\Roaming\MiKTeX\2.9\tex\latex\ctex\ctexpatch.sty
Package: ctexpatch 2017/08/07 v2.4.10 Patching commands (CTEX)
)
("C:\Program Files\MiKTeX 2.9\tex\latex\base\fix-cm.sty"
Package: fix-cm 2015/01/14 v1.1t fixes to LaTeX

("C:\Program Files\MiKTeX 2.9\tex\latex\base\ts1enc.def"
File: ts1enc.def 2001/06/05 v3.0e (jk/car/fm) Standard LaTeX file
))

! LaTeX Error: File `everysel.sty' not found.

Type X to quit or <RETURN> to proceed,
or enter new name. (Default extension: sty)

Enter file name: 
! Emergency stop.
<read *> 
         
l.66 \tl_clear_new:N
                     \l__ctex_tmp_tl 
End of file on the terminal!

 
Here is how much of TeX's memory you used:
 8549 strings out of 493323
 179800 string characters out of 3139066
 193440 words of memory out of 3000000
 12142 multiletter control sequences out of 15000+200000
 530272 words of font info for 22 fonts, out of 3000000 for 9000
 1141 hyphenation exceptions out of 8191
 39i,0n,28p,10562b,275s stack positions out of 5000i,500n,10000p,200000b,50000s
!  ==> Fatal error occurred, no output PDF file produced!
